# JRE version: OpenJDK Runtime Environment Microsoft-11369865 (17.0.15+6) (build 17.0.15+6-LTS)
# Java VM: OpenJDK 64-Bit Server VM Microsoft-11369865 (17.0.15+6-LTS, mixed mode, sharing, tiered, compressed oops, compressed class ptrs, g1 gc, windows-amd64)
GC Precious Log:
 CPUs: 4 total, 4 available
 Memory: 12008M
 Large Page Support: Disabled
 NUMA Support: Disabled
 Compressed Oops: Enabled (Zero based)
 Heap Region Size: 2M
 Heap Min Capacity: 8M
 Heap Initial Capacity: 188M
 Heap Max Capacity: 3004M
 Pre-touch: Disabled
 Parallel Workers: 4
 Concurrent Workers: 1
 Concurrent Refinement Workers: 4
 Periodic GC: Disabled
Heap:
 garbage-first heap   total 73728K, used 47153K [0x0000000744400000, 0x0000000800000000)
  region size 2048K, 12 young (24576K), 2 survivors (4096K)
 Metaspace       used 67114K, committed 67648K, reserved 1114112K
  class space    used 9186K, committed 9472K, reserved 1048576K
GC Heap History (20 events):
Event: 6.860 GC heap before
{Heap before GC invocations=6 (full 0):
 garbage-first heap   total 61440K, used 18835K [0x0000000744400000, 0x0000000800000000)
  region size 2048K, 3 young (6144K), 2 survivors (4096K)
 Metaspace       used 24539K, committed 24896K, reserved 1114112K
  class space    used 3080K, committed 3264K, reserved 1048576K
}
Event: 6.866 GC heap after
{Heap after GC invocations=7 (full 0):
 garbage-first heap   total 61440K, used 17552K [0x0000000744400000, 0x0000000800000000)
  region size 2048K, 1 young (2048K), 1 survivors (2048K)
 Metaspace       used 24539K, committed 24896K, reserved 1114112K
  class space    used 3080K, committed 3264K, reserved 1048576K
}
Event: 8.040 GC heap before
{Heap before GC invocations=7 (full 0):
 garbage-first heap   total 61440K, used 40080K [0x0000000744400000, 0x0000000800000000)
  region size 2048K, 12 young (24576K), 1 survivors (2048K)
 Metaspace       used 28597K, committed 28992K, reserved 1114112K
  class space    used 3640K, committed 3840K, reserved 1048576K
}
Event: 8.049 GC heap after
{Heap after GC invocations=8 (full 0):
 garbage-first heap   total 61440K, used 19219K [0x0000000744400000, 0x0000000800000000)
  region size 2048K, 2 young (4096K), 2 survivors (4096K)
 Metaspace       used 28597K, committed 28992K, reserved 1114112K
  class space    used 3640K, committed 3840K, reserved 1048576K
}
Event: 9.482 GC heap before
{Heap before GC invocations=8 (full 0):
 garbage-first heap   total 61440K, used 41747K [0x0000000744400000, 0x0000000800000000)
  region size 2048K, 13 young (26624K), 2 survivors (4096K)
 Metaspace       used 32348K, committed 32832K, reserved 1114112K
  class space    used 4128K, committed 4352K, reserved 1048576K
}
Event: 9.493 GC heap after
{Heap after GC invocations=9 (full 0):
 garbage-first heap   total 61440K, used 21185K [0x0000000744400000, 0x0000000800000000)
  region size 2048K, 1 young (2048K), 1 survivors (2048K)
 Metaspace       used 32348K, committed 32832K, reserved 1114112K
  class space    used 4128K, committed 4352K, reserved 1048576K
}
Event: 10.113 GC heap before
{Heap before GC invocations=9 (full 0):
 garbage-first heap   total 61440K, used 33473K [0x0000000744400000, 0x0000000800000000)
  region size 2048K, 8 young (16384K), 1 survivors (2048K)
 Metaspace       used 35585K, committed 35968K, reserved 1114112K
  class space    used 4529K, committed 4736K, reserved 1048576K
}
Event: 10.120 GC heap after
{Heap after GC invocations=10 (full 0):
 garbage-first heap   total 61440K, used 21755K [0x0000000744400000, 0x0000000800000000)
  region size 2048K, 2 young (4096K), 2 survivors (4096K)
 Metaspace       used 35585K, committed 35968K, reserved 1114112K
  class space    used 4529K, committed 4736K, reserved 1048576K
}
Event: 10.993 GC heap before
{Heap before GC invocations=11 (full 0):
 garbage-first heap   total 61440K, used 44283K [0x0000000744400000, 0x0000000800000000)
  region size 2048K, 13 young (26624K), 2 survivors (4096K)
 Metaspace       used 40052K, committed 40512K, reserved 1114112K
  class space    used 5441K, committed 5632K, reserved 1048576K
}
Event: 11.001 GC heap after
{Heap after GC invocations=12 (full 0):
 garbage-first heap   total 61440K, used 23259K [0x0000000744400000, 0x0000000800000000)
  region size 2048K, 2 young (4096K), 2 survivors (4096K)
 Metaspace       used 40052K, committed 40512K, reserved 1114112K
  class space    used 5441K, committed 5632K, reserved 1048576K
}
Event: 15.458 GC heap before
{Heap before GC invocations=12 (full 0):
 garbage-first heap   total 61440K, used 43739K [0x0000000744400000, 0x0000000800000000)
  region size 2048K, 12 young (24576K), 2 survivors (4096K)
 Metaspace       used 45709K, committed 46208K, reserved 1114112K
  class space    used 6225K, committed 6464K, reserved 1048576K
}
Event: 15.469 GC heap after
{Heap after GC invocations=13 (full 0):
 garbage-first heap   total 61440K, used 24921K [0x0000000744400000, 0x0000000800000000)
  region size 2048K, 2 young (4096K), 2 survivors (4096K)
 Metaspace       used 45709K, committed 46208K, reserved 1114112K
  class space    used 6225K, committed 6464K, reserved 1048576K
}
Event: 16.547 GC heap before
{Heap before GC invocations=13 (full 0):
 garbage-first heap   total 61440K, used 47449K [0x0000000744400000, 0x0000000800000000)
  region size 2048K, 13 young (26624K), 2 survivors (4096K)
 Metaspace       used 51214K, committed 51776K, reserved 1114112K
  class space    used 6789K, committed 7040K, reserved 1048576K
}
Event: 16.559 GC heap after
{Heap after GC invocations=14 (full 0):
 garbage-first heap   total 61440K, used 26407K [0x0000000744400000, 0x0000000800000000)
  region size 2048K, 2 young (4096K), 2 survivors (4096K)
 Metaspace       used 51214K, committed 51776K, reserved 1114112K
  class space    used 6789K, committed 7040K, reserved 1048576K
}
Event: 17.536 GC heap before
{Heap before GC invocations=14 (full 0):
 garbage-first heap   total 61440K, used 44839K [0x0000000744400000, 0x0000000800000000)
  region size 2048K, 12 young (24576K), 2 survivors (4096K)
 Metaspace       used 57112K, committed 57600K, reserved 1114112K
  class space    used 7685K, committed 7936K, reserved 1048576K
}
Event: 17.542 GC heap after
{Heap after GC invocations=15 (full 0):
 garbage-first heap   total 73728K, used 27502K [0x0000000744400000, 0x0000000800000000)
  region size 2048K, 2 young (4096K), 2 survivors (4096K)
 Metaspace       used 57112K, committed 57600K, reserved 1114112K
  class space    used 7685K, committed 7936K, reserved 1048576K
}
Event: 18.344 GC heap before
{Heap before GC invocations=15 (full 0):
 garbage-first heap   total 73728K, used 39790K [0x0000000744400000, 0x0000000800000000)
  region size 2048K, 9 young (18432K), 2 survivors (4096K)
 Metaspace       used 60005K, committed 60480K, reserved 1114112K
  class space    used 8174K, committed 8448K, reserved 1048576K
}
Event: 18.353 GC heap after
{Heap after GC invocations=16 (full 0):
 garbage-first heap   total 73728K, used 27963K [0x0000000744400000, 0x0000000800000000)
  region size 2048K, 1 young (2048K), 1 survivors (2048K)
 Metaspace       used 60005K, committed 60480K, reserved 1114112K
  class space    used 8174K, committed 8448K, reserved 1048576K
}
Event: 19.704 GC heap before
{Heap before GC invocations=17 (full 0):
 garbage-first heap   total 73728K, used 58683K [0x0000000744400000, 0x0000000800000000)
  region size 2048K, 16 young (32768K), 1 survivors (2048K)
 Metaspace       used 63977K, committed 64512K, reserved 1114112K
  class space    used 8775K, committed 9024K, reserved 1048576K
}
Event: 19.712 GC heap after
{Heap after GC invocations=18 (full 0):
 garbage-first heap   total 73728K, used 28721K [0x0000000744400000, 0x0000000800000000)
  region size 2048K, 2 young (4096K), 2 survivors (4096K)
 Metaspace       used 63977K, committed 64512K, reserved 1114112K
  class space    used 8775K, committed 9024K, reserved 1048576K
}

