# JRE version: OpenJDK Runtime Environment Microsoft-11369865 (17.0.15+6) (build 17.0.15+6-LTS)
# Java VM: OpenJDK 64-Bit Server VM Microsoft-11369865 (17.0.15+6-LTS, mixed mode, sharing, tiered, compressed oops, compressed class ptrs, g1 gc, windows-amd64)
GC Precious Log:
 CPUs: 4 total, 4 available
 Memory: 12008M
 Large Page Support: Disabled
 NUMA Support: Disabled
 Compressed Oops: Enabled (Zero based)
 Heap Region Size: 2M
 Heap Min Capacity: 8M
 Heap Initial Capacity: 188M
 Heap Max Capacity: 3004M
 Pre-touch: Disabled
 Parallel Workers: 4
 Concurrent Workers: 1
 Concurrent Refinement Workers: 4
 Periodic GC: Disabled
Heap:
 garbage-first heap   total 94208K, used 46537K [0x0000000744400000, 0x0000000800000000)
  region size 2048K, 7 young (14336K), 3 survivors (6144K)
 Metaspace       used 90555K, committed 91200K, reserved 1179648K
  class space    used 12434K, committed 12736K, reserved 1048576K
GC Heap History (20 events):
Event: 6.316 GC heap before
{Heap before GC invocations=9 (full 0):
 garbage-first heap   total 61440K, used 33332K [0x0000000744400000, 0x0000000800000000)
  region size 2048K, 8 young (16384K), 1 survivors (2048K)
 Metaspace       used 35552K, committed 35968K, reserved 1114112K
  class space    used 4532K, committed 4736K, reserved 1048576K
}
Event: 6.324 GC heap after
{Heap after GC invocations=10 (full 0):
 garbage-first heap   total 77824K, used 21566K [0x0000000744400000, 0x0000000800000000)
  region size 2048K, 2 young (4096K), 2 survivors (4096K)
 Metaspace       used 35552K, committed 35968K, reserved 1114112K
  class space    used 4532K, committed 4736K, reserved 1048576K
}
Event: 7.897 GC heap before
{Heap before GC invocations=11 (full 0):
 garbage-first heap   total 77824K, used 54334K [0x0000000744400000, 0x0000000800000000)
  region size 2048K, 19 young (38912K), 2 survivors (4096K)
 Metaspace       used 43632K, committed 44032K, reserved 1114112K
  class space    used 5963K, committed 6144K, reserved 1048576K
}
Event: 7.910 GC heap after
{Heap after GC invocations=12 (full 0):
 garbage-first heap   total 77824K, used 24139K [0x0000000744400000, 0x0000000800000000)
  region size 2048K, 3 young (6144K), 3 survivors (6144K)
 Metaspace       used 43632K, committed 44032K, reserved 1114112K
  class space    used 5963K, committed 6144K, reserved 1048576K
}
Event: 9.501 GC heap before
{Heap before GC invocations=13 (full 0):
 garbage-first heap   total 77824K, used 54859K [0x0000000744400000, 0x0000000800000000)
  region size 2048K, 19 young (38912K), 3 survivors (6144K)
 Metaspace       used 51663K, committed 52160K, reserved 1114112K
  class space    used 6887K, committed 7168K, reserved 1048576K
}
Event: 9.517 GC heap after
{Heap after GC invocations=14 (full 0):
 garbage-first heap   total 77824K, used 26260K [0x0000000744400000, 0x0000000800000000)
  region size 2048K, 3 young (6144K), 3 survivors (6144K)
 Metaspace       used 51663K, committed 52160K, reserved 1114112K
  class space    used 6887K, committed 7168K, reserved 1048576K
}
Event: 10.518 GC heap before
{Heap before GC invocations=14 (full 0):
 garbage-first heap   total 77824K, used 59028K [0x0000000744400000, 0x0000000800000000)
  region size 2048K, 19 young (38912K), 3 survivors (6144K)
 Metaspace       used 59912K, committed 60416K, reserved 1114112K
  class space    used 8180K, committed 8448K, reserved 1048576K
}
Event: 10.530 GC heap after
{Heap after GC invocations=15 (full 0):
 garbage-first heap   total 77824K, used 27597K [0x0000000744400000, 0x0000000800000000)
  region size 2048K, 2 young (4096K), 2 survivors (4096K)
 Metaspace       used 59912K, committed 60416K, reserved 1114112K
  class space    used 8180K, committed 8448K, reserved 1048576K
}
Event: 11.276 GC heap before
{Heap before GC invocations=15 (full 0):
 garbage-first heap   total 77824K, used 60365K [0x0000000744400000, 0x0000000800000000)
  region size 2048K, 18 young (36864K), 2 survivors (4096K)
 Metaspace       used 64879K, committed 65472K, reserved 1114112K
  class space    used 8860K, committed 9152K, reserved 1048576K
}
Event: 11.284 GC heap after
{Heap after GC invocations=16 (full 0):
 garbage-first heap   total 77824K, used 28581K [0x0000000744400000, 0x0000000800000000)
  region size 2048K, 3 young (6144K), 3 survivors (6144K)
 Metaspace       used 64879K, committed 65472K, reserved 1114112K
  class space    used 8860K, committed 9152K, reserved 1048576K
}
Event: 12.019 GC heap before
{Heap before GC invocations=16 (full 0):
 garbage-first heap   total 77824K, used 59301K [0x0000000744400000, 0x0000000800000000)
  region size 2048K, 18 young (36864K), 3 survivors (6144K)
 Metaspace       used 68775K, committed 69376K, reserved 1114112K
  class space    used 9372K, committed 9664K, reserved 1048576K
}
Event: 12.029 GC heap after
{Heap after GC invocations=17 (full 0):
 garbage-first heap   total 77824K, used 30845K [0x0000000744400000, 0x0000000800000000)
  region size 2048K, 3 young (6144K), 3 survivors (6144K)
 Metaspace       used 68775K, committed 69376K, reserved 1114112K
  class space    used 9372K, committed 9664K, reserved 1048576K
}
Event: 12.482 GC heap before
{Heap before GC invocations=17 (full 0):
 garbage-first heap   total 77824K, used 61565K [0x0000000744400000, 0x0000000800000000)
  region size 2048K, 18 young (36864K), 3 survivors (6144K)
 Metaspace       used 69787K, committed 70336K, reserved 1114112K
  class space    used 9451K, committed 9728K, reserved 1048576K
}
Event: 12.491 GC heap after
{Heap after GC invocations=18 (full 0):
 garbage-first heap   total 94208K, used 32564K [0x0000000744400000, 0x0000000800000000)
  region size 2048K, 2 young (4096K), 2 survivors (4096K)
 Metaspace       used 69787K, committed 70336K, reserved 1114112K
  class space    used 9451K, committed 9728K, reserved 1048576K
}
Event: 13.444 GC heap before
{Heap before GC invocations=18 (full 0):
 garbage-first heap   total 94208K, used 71476K [0x0000000744400000, 0x0000000800000000)
  region size 2048K, 22 young (45056K), 2 survivors (4096K)
 Metaspace       used 72849K, committed 73408K, reserved 1114112K
  class space    used 9889K, committed 10176K, reserved 1048576K
}
Event: 13.457 GC heap after
{Heap after GC invocations=19 (full 0):
 garbage-first heap   total 94208K, used 34838K [0x0000000744400000, 0x0000000800000000)
  region size 2048K, 2 young (4096K), 2 survivors (4096K)
 Metaspace       used 72849K, committed 73408K, reserved 1114112K
  class space    used 9889K, committed 10176K, reserved 1048576K
}
Event: 14.628 GC heap before
{Heap before GC invocations=20 (full 0):
 garbage-first heap   total 94208K, used 73750K [0x0000000744400000, 0x0000000800000000)
  region size 2048K, 21 young (43008K), 2 survivors (4096K)
 Metaspace       used 77989K, committed 78656K, reserved 1179648K
  class space    used 10817K, committed 11136K, reserved 1048576K
}
Event: 14.638 GC heap after
{Heap after GC invocations=21 (full 0):
 garbage-first heap   total 94208K, used 37080K [0x0000000744400000, 0x0000000800000000)
  region size 2048K, 3 young (6144K), 3 survivors (6144K)
 Metaspace       used 77989K, committed 78656K, reserved 1179648K
  class space    used 10817K, committed 11136K, reserved 1048576K
}
Event: 60.733 GC heap before
{Heap before GC invocations=22 (full 0):
 garbage-first heap   total 94208K, used 71896K [0x0000000744400000, 0x0000000800000000)
  region size 2048K, 21 young (43008K), 3 survivors (6144K)
 Metaspace       used 88845K, committed 89536K, reserved 1179648K
  class space    used 12233K, committed 12544K, reserved 1048576K
}
Event: 60.744 GC heap after
{Heap after GC invocations=23 (full 0):
 garbage-first heap   total 94208K, used 40393K [0x0000000744400000, 0x0000000800000000)
  region size 2048K, 3 young (6144K), 3 survivors (6144K)
 Metaspace       used 88845K, committed 89536K, reserved 1179648K
  class space    used 12233K, committed 12544K, reserved 1048576K
}

